<?xml version="1.0" encoding="UTF-8"?>
<testng-results skipped="0" failed="0" ignored="0" total="0" passed="0">
  <reporter-output>
  </reporter-output>
  <suite name="com.nopcommerce.demo.cucumber.runner.TestRunner" duration-ms="3" started-at="2022-12-19T12:41:38Z" finished-at="2022-12-19T12:41:38Z">
    <groups>
    </groups>
    <test name="Command line test" duration-ms="3" started-at="2022-12-19T12:41:38Z" finished-at="2022-12-19T12:41:38Z">
    </test> <!-- Command line test -->
  </suite> <!-- com.nopcommerce.demo.cucumber.runner.TestRunner -->
</testng-results>
